<?xml version="1.0" encoding="UTF-8" ?>
<testsuite tests="7" failures="0" name="com.AsciiTest" time="0.006" errors="0" skipped="0">
  <properties>
[...]
</properties>
  <testcase classname="com.AsciiTest" name="testGetCharWidth" time="0.006"/>
  <testcase classname="com.AsciiTest" name="testGetWidth" time="0"/>
  <testcase classname="com.AsciiTest" name="testGetFontFilename" time="0"/>
  <testcase classname="com.AsciiTest" name="testGetHeightInCharacters" time="0"/>
  <testcase classname="com.AsciiTest" name="testGetWidthInCharacters" time="0"/>
  <testcase classname="com.AsciiTest" name="testGetHeight" time="0"/>
  <testcase classname="com.AsciiTest" name="testGetCharHeight" time="0"/>
</testsuite>